#
# There is insufficient memory for the Java Runtime Environment to continue.
# Native memory allocation (mmap) failed to map 187695104 bytes for G1 virtual space
# Possible reasons:
#   The system is out of physical RAM or swap space
#   The process is running with CompressedOops enabled, and the Java Heap may be blocking the growth of the native heap
# Possible solutions:
#   Reduce memory load on the system
#   Increase physical memory or swap space
#   Check if swap backing store is full
#   Decrease Java heap size (-Xmx/-Xms)
#   Decrease number of Java threads
#   Decrease Java thread stack sizes (-Xss)
#   Set larger code cache with -XX:ReservedCodeCacheSize=
#   JVM is running with Unscaled Compressed Oops mode in which the Java heap is
#     placed in the first 4GB address space. The Java Heap base address is the
#     maximum limit for the native heap growth. Please use -XX:HeapBaseMinAddress
#     to set the Java Heap base and to place the Java Heap above 4GB virtual address.
# This output file may be truncated or incomplete.
#
#  Out of Memory Error (./open/src/hotspot/os/windows/os_windows.cpp:3321), pid=14952, tid=18364
#
# JRE version: Java(TM) SE Runtime Environment (15.0.2+7) (build 15.0.2+7-27)
# Java VM: Java HotSpot(TM) 64-Bit Server VM (15.0.2+7-27, mixed mode, sharing, tiered, compressed oops, g1 gc, windows-amd64)
# No core dump will be written. Minidumps are not enabled by default on client versions of Windows
#

---------------  S U M M A R Y ------------

Command Line: -Dfile.encoding=windows-1252 -Duser.country=US -Duser.language=en -Duser.variant MongoDB

Host: Intel(R) Core(TM) i7-1065G7 CPU @ 1.30GHz, 8 cores, 7G,  Windows 10 , 64 bit Build 19041 (10.0.19041.928)
Time: Sat Jun  5 09:31:03 2021 Egypt Standard Time elapsed time: 7768.465981 seconds (0d 2h 9m 28s)

---------------  T H R E A D  ---------------

Current thread (0x000002611d571ed0):  VMThread "VM Thread" [stack: 0x0000007908d00000,0x0000007908e00000] [id=18364]

Stack: [0x0000007908d00000,0x0000007908e00000]
[error occurred during error reporting (printing stack bounds), id 0xc0000005, EXCEPTION_ACCESS_VIOLATION (0xc0000005) at pc=0x0000026108161267]

Native frames: (J=compiled Java code, j=interpreted, Vv=VM code, C=native code)
V  [jvm.dll+0x62ae9a]
V  [jvm.dll+0x7817a9]
V  [jvm.dll+0x782f03]
V  [jvm.dll+0x7834c5]
V  [jvm.dll+0x78347b]
V  [jvm.dll+0x62a2b9]
V  [jvm.dll+0x62aa88]
C  [ntdll.dll+0xa207f]
C  [ntdll.dll+0x51454]
C  [ntdll.dll+0xa0bae]
C  0x0000026108161267

VM_Operation (0x00000079087fee40): G1CollectForAllocation, mode: safepoint, requested by thread 0x000002617eb555b0


---------------  P R O C E S S  ---------------

Threads class SMR info:
_java_thread_list=0x000002611e76f1b0, length=13, elements={
0x000002617eb555b0, 0x000002611d574d80, 0x000002611d575780, 0x000002611d593430,
0x000002611d593900, 0x000002611d594770, 0x000002611d5a3b50, 0x000002611d5aeb00,
0x000002611d5c1000, 0x000002611d593dd0, 0x000002611d5942a0, 0x000002611d592f60,
0x000002611d594c40
}

Java Threads: ( => current thread )
  0x000002617eb555b0 JavaThread "main" [_thread_blocked, id=12212, stack(0x0000007908700000,0x0000007908800000)]
  0x000002611d574d80 JavaThread "Reference Handler" daemon [_thread_blocked, id=12148, stack(0x0000007908e00000,0x0000007908f00000)]
  0x000002611d575780 JavaThread "Finalizer" daemon [_thread_blocked, id=19704, stack(0x0000007908f00000,0x0000007909000000)]
  0x000002611d593430 JavaThread "Signal Dispatcher" daemon [_thread_blocked, id=19452, stack(0x0000007909000000,0x0000007909100000)]
  0x000002611d593900 JavaThread "Attach Listener" daemon [_thread_blocked, id=17640, stack(0x0000007909100000,0x0000007909200000)]
  0x000002611d594770 JavaThread "Service Thread" daemon [_thread_blocked, id=11408, stack(0x0000007909200000,0x0000007909300000)]
  0x000002611d5a3b50 JavaThread "C2 CompilerThread0" daemon [_thread_blocked, id=19856, stack(0x0000007909300000,0x0000007909400000)]
  0x000002611d5aeb00 JavaThread "C1 CompilerThread0" daemon [_thread_blocked, id=19484, stack(0x0000007909400000,0x0000007909500000)]
  0x000002611d5c1000 JavaThread "Sweeper thread" daemon [_thread_blocked, id=14152, stack(0x0000007909500000,0x0000007909600000)]
  0x000002611d593dd0 JavaThread "Notification Thread" daemon [_thread_blocked, id=20812, stack(0x0000007909600000,0x0000007909700000)]
  0x000002611d5942a0 JavaThread "Common-Cleaner" daemon [_thread_blocked, id=20956, stack(0x0000007909800000,0x0000007909900000)]
  0x000002611d592f60 JavaThread "cluster-1-localhost:27017" daemon [_thread_blocked, id=15532, stack(0x0000007909900000,0x0000007909a00000)]
  0x000002611d594c40 JavaThread "MongoCleaner1429880200" daemon [_thread_blocked, id=18564, stack(0x0000007909a00000,0x0000007909b00000)]

Other Threads:
=>0x000002611d571ed0 VMThread "VM Thread" [stack: 0x0000007908d00000,0x0000007908e00000] [id=18364]
  0x000002611dfe5a00 WatcherThread [stack: 0x0000007909700000,0x0000007909800000] [id=13032]
  0x000002617eb93b40 GCTaskThread "GC Thread#0" [stack: 0x0000007908800000,0x0000007908900000] [id=2512]
  0x000002611e64c390 GCTaskThread "GC Thread#1" [stack: 0x0000007909c00000,0x0000007909d00000] [id=19332]
  0x000002611e64c060 GCTaskThread "GC Thread#2" [stack: 0x0000007909d00000,0x0000007909e00000] [id=16176]
  0x000002611e64d6b0 GCTaskThread "GC Thread#3" [stack: 0x0000007908600000,0x0000007908700000] [id=11612]
  0x000002617eba8ab0 ConcurrentGCThread "G1 Main Marker" [stack: 0x0000007908900000,0x0000007908a00000] [id=18552]
  0x000002617eba94b0 ConcurrentGCThread "G1 Conc#0" [stack: 0x0000007908a00000,0x0000007908b00000] [id=16420]
  0x000002611e7622f0 ConcurrentGCThread "G1 Conc#1" [stack: 0x0000007908500000,0x0000007908600000] [id=10840]
  0x000002617ec263c0 ConcurrentGCThread "G1 Refine#0" [stack: 0x0000007908b00000,0x0000007908c00000] [id=20652]
  0x000002617ec28b30 ConcurrentGCThread "G1 Young RemSet Sampling" [stack: 0x0000007908c00000,0x0000007908d00000] [id=21404]

Threads with active compile tasks:

VM state: at safepoint (normal execution)

VM Mutex/Monitor currently owned by a thread:  ([mutex/lock_event])
[0x000002617eb525a0] Threads_lock - owner thread: 0x000002611d571ed0
[0x000002617eb52480] Heap_lock - owner thread: 0x000002617eb555b0

Heap address: 0x0000000083a00000, size: 1990 MB, Compressed Oops mode: 32-bit
CDS archive(s) mapped at: [0x0000000800000000-0x0000000800b50000-0x0000000800b50000), size 11862016, SharedBaseAddress: 0x0000000800000000, ArchiveRelocationMode: 0.
Compressed class space mapped at: 0x0000000800b50000-0x0000000840b50000, size: 1073741824
Narrow klass base: 0x0000000800000000, Narrow klass shift: 3, Narrow klass range: 0x100000000

GC Precious Log:
 CPUs: 8 total, 8 available
 Memory: 7959M
 Large Page Support: Disabled
 NUMA Support: Disabled
 Compressed Oops: Enabled (32-bit)
 Heap Region Size: 1M
 Heap Min Capacity: 8M
 Heap Initial Capacity: 126M
 Heap Max Capacity: 1990M
 Pre-touch: Disabled
 Parallel Workers: 8
 Concurrent Workers: 2
 Concurrent Refinement Workers: 8
 Periodic GC: Disabled

Heap:
 garbage-first heap   total 367616K, used 35001K [0x0000000083a00000, 0x0000000100000000)
  region size 1024K, 1 young (1024K), 1 survivors (1024K)
 Metaspace       used 15405K, capacity 15622K, committed 15744K, reserved 1062912K
  class space    used 1532K, capacity 1605K, committed 1664K, reserved 1048576K

Heap Regions: E=young(eden), S=young(survivor), O=old, HS=humongous(starts), HC=humongous(continues), CS=collection set, F=free, OA=open archive, CA=closed archive, TAMS=top-at-mark-start (previous, next)
|   0|0x0000000083a00000, 0x0000000083b00000, 0x0000000083b00000|100%| O|  |TAMS 0x0000000083b00000, 0x0000000083a00000| Untracked 
|   1|0x0000000083b00000, 0x0000000083c00000, 0x0000000083c00000|100%| O|  |TAMS 0x0000000083c00000, 0x0000000083b00000| Untracked 
|   2|0x0000000083c00000, 0x0000000083d00000, 0x0000000083d00000|100%| O|  |TAMS 0x0000000083d00000, 0x0000000083c00000| Untracked 
|   3|0x0000000083d00000, 0x0000000083e00000, 0x0000000083e00000|100%| O|  |TAMS 0x0000000083e00000, 0x0000000083d00000| Untracked 
|   4|0x0000000083e00000, 0x0000000083f00000, 0x0000000083f00000|100%| O|  |TAMS 0x0000000083f00000, 0x0000000083e00000| Untracked 
|   5|0x0000000083f00000, 0x0000000084000000, 0x0000000084000000|100%| O|  |TAMS 0x0000000083f00000, 0x0000000083f00000| Untracked 
|   6|0x0000000084000000, 0x0000000084100000, 0x0000000084100000|100%| O|  |TAMS 0x0000000084000000, 0x0000000084000000| Untracked 
|   7|0x0000000084100000, 0x0000000084200000, 0x0000000084200000|100%| O|  |TAMS 0x0000000084100000, 0x0000000084100000| Untracked 
|   8|0x0000000084200000, 0x0000000084300000, 0x0000000084300000|100%| O|  |TAMS 0x0000000084200000, 0x0000000084200000| Untracked 
|   9|0x0000000084300000, 0x0000000084400000, 0x0000000084400000|100%| O|  |TAMS 0x0000000084300000, 0x0000000084300000| Untracked 
|  10|0x0000000084400000, 0x0000000084500000, 0x0000000084500000|100%| O|  |TAMS 0x0000000084400000, 0x0000000084400000| Untracked 
|  11|0x0000000084500000, 0x0000000084600000, 0x0000000084600000|100%| O|  |TAMS 0x0000000084500000, 0x0000000084500000| Untracked 
|  12|0x0000000084600000, 0x0000000084700000, 0x0000000084700000|100%| O|  |TAMS 0x0000000084600000, 0x0000000084600000| Untracked 
|  13|0x0000000084700000, 0x0000000084800000, 0x0000000084800000|100%| O|  |TAMS 0x0000000084700000, 0x0000000084700000| Untracked 
|  14|0x0000000084800000, 0x0000000084900000, 0x0000000084900000|100%| O|  |TAMS 0x0000000084800000, 0x0000000084800000| Untracked 
|  15|0x0000000084900000, 0x0000000084a00000, 0x0000000084a00000|100%| O|  |TAMS 0x0000000084900000, 0x0000000084900000| Untracked 
|  16|0x0000000084a00000, 0x0000000084b00000, 0x0000000084b00000|100%| O|  |TAMS 0x0000000084a00000, 0x0000000084a00000| Untracked 
|  17|0x0000000084b00000, 0x0000000084c00000, 0x0000000084c00000|100%|HS|  |TAMS 0x0000000084b00000, 0x0000000084b00000| Complete 
|  18|0x0000000084c00000, 0x0000000084d00000, 0x0000000084d00000|100%| O|  |TAMS 0x0000000084c00000, 0x0000000084c00000| Untracked 
|  19|0x0000000084d00000, 0x0000000084e00000, 0x0000000084e00000|100%| O|  |TAMS 0x0000000084d00000, 0x0000000084d00000| Untracked 
|  20|0x0000000084e00000, 0x0000000084f00000, 0x0000000084f00000|100%| O|  |TAMS 0x0000000084e00000, 0x0000000084e00000| Untracked 
|  21|0x0000000084f00000, 0x0000000085000000, 0x0000000085000000|100%| O|  |TAMS 0x0000000084f00000, 0x0000000084f00000| Untracked 
|  22|0x0000000085000000, 0x0000000085100000, 0x0000000085100000|100%| O|  |TAMS 0x0000000085000000, 0x0000000085000000| Untracked 
|  23|0x0000000085100000, 0x0000000085200000, 0x0000000085200000|100%| O|  |TAMS 0x0000000085100000, 0x0000000085100000| Untracked 
|  24|0x0000000085200000, 0x0000000085300000, 0x0000000085300000|100%| O|  |TAMS 0x0000000085200000, 0x0000000085200000| Untracked 
|  25|0x0000000085300000, 0x0000000085400000, 0x0000000085400000|100%| O|  |TAMS 0x0000000085300000, 0x0000000085300000| Untracked 
|  26|0x0000000085400000, 0x0000000085500000, 0x0000000085500000|100%| O|  |TAMS 0x0000000085400000, 0x0000000085400000| Untracked 
|  27|0x0000000085500000, 0x0000000085600000, 0x0000000085600000|100%| O|  |TAMS 0x0000000085500000, 0x0000000085500000| Untracked 
|  28|0x0000000085600000, 0x0000000085700000, 0x0000000085700000|100%| O|  |TAMS 0x0000000085600000, 0x0000000085600000| Untracked 
|  29|0x0000000085700000, 0x0000000085800000, 0x0000000085800000|100%| O|  |TAMS 0x0000000085700000, 0x0000000085700000| Untracked 
|  30|0x0000000085800000, 0x0000000085900000, 0x0000000085900000|100%| O|  |TAMS 0x0000000085800000, 0x0000000085800000| Untracked 
|  31|0x0000000085900000, 0x0000000085a00000, 0x0000000085a00000|100%| O|  |TAMS 0x0000000085900000, 0x0000000085900000| Untracked 
|  32|0x0000000085a00000, 0x0000000085a13600, 0x0000000085b00000|  7%| O|  |TAMS 0x0000000085a00000, 0x0000000085a00000| Untracked 
|  33|0x0000000085b00000, 0x0000000085b00000, 0x0000000085c00000|  0%| F|  |TAMS 0x0000000085b00000, 0x0000000085b00000| Untracked 
|  34|0x0000000085c00000, 0x0000000085c00000, 0x0000000085d00000|  0%| F|  |TAMS 0x0000000085c00000, 0x0000000085c00000| Untracked 
|  35|0x0000000085d00000, 0x0000000085d00000, 0x0000000085e00000|  0%| F|  |TAMS 0x0000000085d00000, 0x0000000085d00000| Untracked 
|  36|0x0000000085e00000, 0x0000000085e00000, 0x0000000085f00000|  0%| F|  |TAMS 0x0000000085e00000, 0x0000000085e00000| Untracked 
|  37|0x0000000085f00000, 0x0000000085f00000, 0x0000000086000000|  0%| F|  |TAMS 0x0000000085f00000, 0x0000000085f00000| Untracked 
|  38|0x0000000086000000, 0x0000000086000000, 0x0000000086100000|  0%| F|  |TAMS 0x0000000086000000, 0x0000000086000000| Untracked 
|  39|0x0000000086100000, 0x0000000086100000, 0x0000000086200000|  0%| F|  |TAMS 0x0000000086100000, 0x0000000086100000| Untracked 
|  40|0x0000000086200000, 0x0000000086200000, 0x0000000086300000|  0%| F|  |TAMS 0x0000000086200000, 0x0000000086200000| Untracked 
|  41|0x0000000086300000, 0x0000000086300000, 0x0000000086400000|  0%| F|  |TAMS 0x0000000086300000, 0x0000000086300000| Untracked 
|  42|0x0000000086400000, 0x0000000086400000, 0x0000000086500000|  0%| F|  |TAMS 0x0000000086400000, 0x0000000086400000| Untracked 
|  43|0x0000000086500000, 0x0000000086500000, 0x0000000086600000|  0%| F|  |TAMS 0x0000000086500000, 0x0000000086500000| Untracked 
|  44|0x0000000086600000, 0x0000000086600000, 0x0000000086700000|  0%| F|  |TAMS 0x0000000086600000, 0x0000000086600000| Untracked 
|  45|0x0000000086700000, 0x0000000086700000, 0x0000000086800000|  0%| F|  |TAMS 0x0000000086700000, 0x0000000086700000| Untracked 
|  46|0x0000000086800000, 0x0000000086800000, 0x0000000086900000|  0%| F|  |TAMS 0x0000000086800000, 0x0000000086800000| Untracked 
|  47|0x0000000086900000, 0x0000000086900000, 0x0000000086a00000|  0%| F|  |TAMS 0x0000000086900000, 0x0000000086900000| Untracked 
|  48|0x0000000086a00000, 0x0000000086a00000, 0x0000000086b00000|  0%| F|  |TAMS 0x0000000086a00000, 0x0000000086a00000| Untracked 
|  49|0x0000000086b00000, 0x0000000086b00000, 0x0000000086c00000|  0%| F|  |TAMS 0x0000000086b00000, 0x0000000086b00000| Untracked 
|  50|0x0000000086c00000, 0x0000000086c00000, 0x0000000086d00000|  0%| F|  |TAMS 0x0000000086c00000, 0x0000000086c00000| Untracked 
|  51|0x0000000086d00000, 0x0000000086d00000, 0x0000000086e00000|  0%| F|  |TAMS 0x0000000086d00000, 0x0000000086d00000| Untracked 
|  52|0x0000000086e00000, 0x0000000086e00000, 0x0000000086f00000|  0%| F|  |TAMS 0x0000000086e00000, 0x0000000086e00000| Untracked 
|  53|0x0000000086f00000, 0x0000000086f00000, 0x0000000087000000|  0%| F|  |TAMS 0x0000000086f00000, 0x0000000086f00000| Untracked 
|  54|0x0000000087000000, 0x0000000087000000, 0x0000000087100000|  0%| F|  |TAMS 0x0000000087000000, 0x0000000087000000| Untracked 
|  55|0x0000000087100000, 0x0000000087100000, 0x0000000087200000|  0%| F|  |TAMS 0x0000000087100000, 0x0000000087100000| Untracked 
|  56|0x0000000087200000, 0x0000000087300000, 0x0000000087300000|100%| O|  |TAMS 0x0000000087300000, 0x0000000087200000| Untracked 
|  57|0x0000000087300000, 0x0000000087400000, 0x0000000087400000|100%| O|  |TAMS 0x0000000087400000, 0x0000000087300000| Untracked 
|  58|0x0000000087400000, 0x0000000087400000, 0x0000000087500000|  0%| F|  |TAMS 0x0000000087400000, 0x0000000087400000| Untracked 
|  59|0x0000000087500000, 0x0000000087500000, 0x0000000087600000|  0%| F|  |TAMS 0x0000000087500000, 0x0000000087500000| Untracked 
|  60|0x0000000087600000, 0x0000000087600000, 0x0000000087700000|  0%| F|  |TAMS 0x0000000087600000, 0x0000000087600000| Untracked 
|  61|0x0000000087700000, 0x0000000087700000, 0x0000000087800000|  0%| F|  |TAMS 0x0000000087700000, 0x0000000087700000| Untracked 
|  62|0x0000000087800000, 0x0000000087800000, 0x0000000087900000|  0%| F|  |TAMS 0x0000000087800000, 0x0000000087800000| Untracked 
|  63|0x0000000087900000, 0x0000000087900000, 0x0000000087a00000|  0%| F|  |TAMS 0x0000000087900000, 0x0000000087900000| Untracked 
|  64|0x0000000087a00000, 0x0000000087a00000, 0x0000000087b00000|  0%| F|  |TAMS 0x0000000087a00000, 0x0000000087a00000| Untracked 
|  65|0x0000000087b00000, 0x0000000087b00000, 0x0000000087c00000|  0%| F|  |TAMS 0x0000000087b00000, 0x0000000087b00000| Untracked 
|  66|0x0000000087c00000, 0x0000000087c00000, 0x0000000087d00000|  0%| F|  |TAMS 0x0000000087c00000, 0x0000000087c00000| Untracked 
|  67|0x0000000087d00000, 0x0000000087d00000, 0x0000000087e00000|  0%| F|  |TAMS 0x0000000087d00000, 0x0000000087d00000| Untracked 
|  68|0x0000000087e00000, 0x0000000087e00000, 0x0000000087f00000|  0%| F|  |TAMS 0x0000000087e00000, 0x0000000087e00000| Untracked 
|  69|0x0000000087f00000, 0x0000000087f00000, 0x0000000088000000|  0%| F|  |TAMS 0x0000000087f00000, 0x0000000087f00000| Untracked 
|  70|0x0000000088000000, 0x0000000088000000, 0x0000000088100000|  0%| F|  |TAMS 0x0000000088000000, 0x0000000088000000| Untracked 
|  71|0x0000000088100000, 0x0000000088100000, 0x0000000088200000|  0%| F|  |TAMS 0x0000000088100000, 0x0000000088100000| Untracked 
|  72|0x0000000088200000, 0x0000000088200000, 0x0000000088300000|  0%| F|  |TAMS 0x0000000088200000, 0x0000000088200000| Untracked 
|  73|0x0000000088300000, 0x0000000088300000, 0x0000000088400000|  0%| F|  |TAMS 0x0000000088300000, 0x0000000088300000| Untracked 
|  74|0x0000000088400000, 0x0000000088400000, 0x0000000088500000|  0%| F|  |TAMS 0x0000000088400000, 0x0000000088400000| Untracked 
|  75|0x0000000088500000, 0x0000000088500000, 0x0000000088600000|  0%| F|  |TAMS 0x0000000088500000, 0x0000000088500000| Untracked 
|  76|0x0000000088600000, 0x0000000088600000, 0x0000000088700000|  0%| F|  |TAMS 0x0000000088600000, 0x0000000088600000| Untracked 
|  77|0x0000000088700000, 0x0000000088700000, 0x0000000088800000|  0%| F|  |TAMS 0x0000000088700000, 0x0000000088700000| Untracked 
|  78|0x0000000088800000, 0x0000000088800000, 0x0000000088900000|  0%| F|  |TAMS 0x0000000088800000, 0x0000000088800000| Untracked 
|  79|0x0000000088900000, 0x0000000088900000, 0x0000000088a00000|  0%| F|  |TAMS 0x0000000088900000, 0x0000000088900000| Untracked 
|  80|0x0000000088a00000, 0x0000000088a00000, 0x0000000088b00000|  0%| F|  |TAMS 0x0000000088a00000, 0x0000000088a00000| Untracked 
|  81|0x0000000088b00000, 0x0000000088b00000, 0x0000000088c00000|  0%| F|  |TAMS 0x0000000088b00000, 0x0000000088b00000| Untracked 
|  82|0x0000000088c00000, 0x0000000088c00000, 0x0000000088d00000|  0%| F|  |TAMS 0x0000000088c00000, 0x0000000088c00000| Untracked 
|  83|0x0000000088d00000, 0x0000000088d00000, 0x0000000088e00000|  0%| F|  |TAMS 0x0000000088d00000, 0x0000000088d00000| Untracked 
|  84|0x0000000088e00000, 0x0000000088e00000, 0x0000000088f00000|  0%| F|  |TAMS 0x0000000088e00000, 0x0000000088e00000| Untracked 
|  85|0x0000000088f00000, 0x0000000088f00000, 0x0000000089000000|  0%| F|  |TAMS 0x0000000088f00000, 0x0000000088f00000| Untracked 
|  86|0x0000000089000000, 0x0000000089000000, 0x0000000089100000|  0%| F|  |TAMS 0x0000000089000000, 0x0000000089000000| Untracked 
|  87|0x0000000089100000, 0x0000000089100000, 0x0000000089200000|  0%| F|  |TAMS 0x0000000089100000, 0x0000000089100000| Untracked 
|  88|0x0000000089200000, 0x0000000089200000, 0x0000000089300000|  0%| F|  |TAMS 0x0000000089200000, 0x0000000089200000| Untracked 
|  89|0x0000000089300000, 0x0000000089300000, 0x0000000089400000|  0%| F|  |TAMS 0x0000000089300000, 0x0000000089300000| Untracked 
|  90|0x0000000089400000, 0x0000000089400000, 0x0000000089500000|  0%| F|  |TAMS 0x0000000089400000, 0x0000000089400000| Untracked 
|  91|0x0000000089500000, 0x0000000089500000, 0x0000000089600000|  0%| F|  |TAMS 0x0000000089500000, 0x0000000089500000| Untracked 
|  92|0x0000000089600000, 0x0000000089600000, 0x0000000089700000|  0%| F|  |TAMS 0x0000000089600000, 0x0000000089600000| Untracked 
|  93|0x0000000089700000, 0x0000000089700000, 0x0000000089800000|  0%| F|  |TAMS 0x0000000089700000, 0x0000000089700000| Untracked 
|  94|0x0000000089800000, 0x0000000089800000, 0x0000000089900000|  0%| F|  |TAMS 0x0000000089800000, 0x0000000089800000| Untracked 
|  95|0x0000000089900000, 0x0000000089900000, 0x0000000089a00000|  0%| F|  |TAMS 0x0000000089900000, 0x0000000089900000| Untracked 
|  96|0x0000000089a00000, 0x0000000089a00000, 0x0000000089b00000|  0%| F|  |TAMS 0x0000000089a00000, 0x0000000089a00000| Untracked 
|  97|0x0000000089b00000, 0x0000000089b00000, 0x0000000089c00000|  0%| F|  |TAMS 0x0000000089b00000, 0x0000000089b00000| Untracked 
|  98|0x0000000089c00000, 0x0000000089c00000, 0x0000000089d00000|  0%| F|  |TAMS 0x0000000089c00000, 0x0000000089c00000| Untracked 
|  99|0x0000000089d00000, 0x0000000089d00000, 0x0000000089e00000|  0%| F|  |TAMS 0x0000000089d00000, 0x0000000089d00000| Untracked 
| 100|0x0000000089e00000, 0x0000000089e00000, 0x0000000089f00000|  0%| F|  |TAMS 0x0000000089e00000, 0x0000000089e00000| Untracked 
| 101|0x0000000089f00000, 0x0000000089f00000, 0x000000008a000000|  0%| F|  |TAMS 0x0000000089f00000, 0x0000000089f00000| Untracked 
| 102|0x000000008a000000, 0x000000008a000000, 0x000000008a100000|  0%| F|  |TAMS 0x000000008a000000, 0x000000008a000000| Untracked 
| 103|0x000000008a100000, 0x000000008a100000, 0x000000008a200000|  0%| F|  |TAMS 0x000000008a100000, 0x000000008a100000| Untracked 
| 104|0x000000008a200000, 0x000000008a200000, 0x000000008a300000|  0%| F|  |TAMS 0x000000008a200000, 0x000000008a200000| Untracked 
| 105|0x000000008a300000, 0x000000008a300000, 0x000000008a400000|  0%| F|  |TAMS 0x000000008a300000, 0x000000008a300000| Untracked 
| 106|0x000000008a400000, 0x000000008a400000, 0x000000008a500000|  0%| F|  |TAMS 0x000000008a400000, 0x000000008a400000| Untracked 
| 107|0x000000008a500000, 0x000000008a500000, 0x000000008a600000|  0%| F|  |TAMS 0x000000008a500000, 0x000000008a500000| Untracked 
| 108|0x000000008a600000, 0x000000008a600000, 0x000000008a700000|  0%| F|  |TAMS 0x000000008a600000, 0x000000008a600000| Untracked 
| 109|0x000000008a700000, 0x000000008a700000, 0x000000008a800000|  0%| F|  |TAMS 0x000000008a700000, 0x000000008a700000| Untracked 
| 110|0x000000008a800000, 0x000000008a800000, 0x000000008a900000|  0%| F|  |TAMS 0x000000008a800000, 0x000000008a800000| Untracked 
| 111|0x000000008a900000, 0x000000008a900000, 0x000000008aa00000|  0%| F|  |TAMS 0x000000008a900000, 0x000000008a900000| Untracked 
| 112|0x000000008aa00000, 0x000000008aa00000, 0x000000008ab00000|  0%| F|  |TAMS 0x000000008aa00000, 0x000000008aa00000| Untracked 
| 113|0x000000008ab00000, 0x000000008ab00000, 0x000000008ac00000|  0%| F|  |TAMS 0x000000008ab00000, 0x000000008ab00000| Untracked 
| 114|0x000000008ac00000, 0x000000008ac00000, 0x000000008ad00000|  0%| F|  |TAMS 0x000000008ac00000, 0x000000008ac00000| Untracked 
| 115|0x000000008ad00000, 0x000000008ad00000, 0x000000008ae00000|  0%| F|  |TAMS 0x000000008ad00000, 0x000000008ad00000| Untracked 
| 116|0x000000008ae00000, 0x000000008ae00000, 0x000000008af00000|  0%| F|  |TAMS 0x000000008ae00000, 0x000000008ae00000| Untracked 
| 117|0x000000008af00000, 0x000000008af00000, 0x000000008b000000|  0%| F|  |TAMS 0x000000008af00000, 0x000000008af00000| Untracked 
| 118|0x000000008b000000, 0x000000008b000000, 0x000000008b100000|  0%| F|  |TAMS 0x000000008b000000, 0x000000008b000000| Untracked 
| 119|0x000000008b100000, 0x000000008b100000, 0x000000008b200000|  0%| F|  |TAMS 0x000000008b100000, 0x000000008b100000| Untracked 
| 120|0x000000008b200000, 0x000000008b200000, 0x000000008b300000|  0%| F|  |TAMS 0x000000008b200000, 0x000000008b200000| Untracked 
| 121|0x000000008b300000, 0x000000008b300000, 0x000000008b400000|  0%| F|  |TAMS 0x000000008b300000, 0x000000008b300000| Untracked 
| 122|0x000000008b400000, 0x000000008b400000, 0x000000008b500000|  0%| F|  |TAMS 0x000000008b400000, 0x000000008b400000| Untracked 
| 123|0x000000008b500000, 0x000000008b500000, 0x000000008b600000|  0%| F|  |TAMS 0x000000008b500000, 0x000000008b500000| Untracked 
| 124|0x000000008b600000, 0x000000008b600000, 0x000000008b700000|  0%| F|  |TAMS 0x000000008b600000, 0x000000008b600000| Untracked 
| 125|0x000000008b700000, 0x000000008b700000, 0x000000008b800000|  0%| F|  |TAMS 0x000000008b700000, 0x000000008b700000| Untracked 
| 126|0x000000008b800000, 0x000000008b800000, 0x000000008b900000|  0%| F|  |TAMS 0x000000008b800000, 0x000000008b800000| Untracked 
| 127|0x000000008b900000, 0x000000008b900000, 0x000000008ba00000|  0%| F|  |TAMS 0x000000008b900000, 0x000000008b900000| Untracked 
| 128|0x000000008ba00000, 0x000000008ba00000, 0x000000008bb00000|  0%| F|  |TAMS 0x000000008ba00000, 0x000000008ba00000| Untracked 
| 129|0x000000008bb00000, 0x000000008bb00000, 0x000000008bc00000|  0%| F|  |TAMS 0x000000008bb00000, 0x000000008bb00000| Untracked 
| 130|0x000000008bc00000, 0x000000008bc00000, 0x000000008bd00000|  0%| F|  |TAMS 0x000000008bc00000, 0x000000008bc00000| Untracked 
| 131|0x000000008bd00000, 0x000000008bd00000, 0x000000008be00000|  0%| F|  |TAMS 0x000000008bd00000, 0x000000008bd00000| Untracked 
| 132|0x000000008be00000, 0x000000008be00000, 0x000000008bf00000|  0%| F|  |TAMS 0x000000008be00000, 0x000000008be00000| Untracked 
| 133|0x000000008bf00000, 0x000000008bf00000, 0x000000008c000000|  0%| F|  |TAMS 0x000000008bf00000, 0x000000008bf00000| Untracked 
| 134|0x000000008c000000, 0x000000008c000000, 0x000000008c100000|  0%| F|  |TAMS 0x000000008c000000, 0x000000008c000000| Untracked 
| 135|0x000000008c100000, 0x000000008c100000, 0x000000008c200000|  0%| F|  |TAMS 0x000000008c100000, 0x000000008c100000| Untracked 
| 136|0x000000008c200000, 0x000000008c200000, 0x000000008c300000|  0%| F|  |TAMS 0x000000008c200000, 0x000000008c200000| Untracked 
| 137|0x000000008c300000, 0x000000008c300000, 0x000000008c400000|  0%| F|  |TAMS 0x000000008c300000, 0x000000008c300000| Untracked 
| 138|0x000000008c400000, 0x000000008c400000, 0x000000008c500000|  0%| F|  |TAMS 0x000000008c400000, 0x000000008c400000| Untracked 
| 139|0x000000008c500000, 0x000000008c500000, 0x000000008c600000|  0%| F|  |TAMS 0x000000008c500000, 0x000000008c500000| Untracked 
| 140|0x000000008c600000, 0x000000008c600000, 0x000000008c700000|  0%| F|  |TAMS 0x000000008c600000, 0x000000008c600000| Untracked 
| 141|0x000000008c700000, 0x000000008c700000, 0x000000008c800000|  0%| F|  |TAMS 0x000000008c700000, 0x000000008c700000| Untracked 
| 142|0x000000008c800000, 0x000000008c800000, 0x000000008c900000|  0%| F|  |TAMS 0x000000008c800000, 0x000000008c800000| Untracked 
| 143|0x000000008c900000, 0x000000008c900000, 0x000000008ca00000|  0%| F|  |TAMS 0x000000008c900000, 0x000000008c900000| Untracked 
| 144|0x000000008ca00000, 0x000000008ca00000, 0x000000008cb00000|  0%| F|  |TAMS 0x000000008ca00000, 0x000000008ca00000| Untracked 
| 145|0x000000008cb00000, 0x000000008cb00000, 0x000000008cc00000|  0%| F|  |TAMS 0x000000008cb00000, 0x000000008cb00000| Untracked 
| 146|0x000000008cc00000, 0x000000008cc00000, 0x000000008cd00000|  0%| F|  |TAMS 0x000000008cc00000, 0x000000008cc00000| Untracked 
| 147|0x000000008cd00000, 0x000000008cd00000, 0x000000008ce00000|  0%| F|  |TAMS 0x000000008cd00000, 0x000000008cd00000| Untracked 
| 148|0x000000008ce00000, 0x000000008ce00000, 0x000000008cf00000|  0%| F|  |TAMS 0x000000008ce00000, 0x000000008ce00000| Untracked 
| 149|0x000000008cf00000, 0x000000008cf00000, 0x000000008d000000|  0%| F|  |TAMS 0x000000008cf00000, 0x000000008cf00000| Untracked 
| 150|0x000000008d000000, 0x000000008d000000, 0x000000008d100000|  0%| F|  |TAMS 0x000000008d000000, 0x000000008d000000| Untracked 
| 151|0x000000008d100000, 0x000000008d100000, 0x000000008d200000|  0%| F|  |TAMS 0x000000008d100000, 0x000000008d100000| Untracked 
| 152|0x000000008d200000, 0x000000008d200000, 0x000000008d300000|  0%| F|  |TAMS 0x000000008d200000, 0x000000008d200000| Untracked 
| 153|0x000000008d300000, 0x000000008d300000, 0x000000008d400000|  0%| F|  |TAMS 0x000000008d300000, 0x000000008d300000| Untracked 
| 154|0x000000008d400000, 0x000000008d400000, 0x000000008d500000|  0%| F|  |TAMS 0x000000008d400000, 0x000000008d400000| Untracked 
| 155|0x000000008d500000, 0x000000008d500000, 0x000000008d600000|  0%| F|  |TAMS 0x000000008d500000, 0x000000008d500000| Untracked 
| 156|0x000000008d600000, 0x000000008d600000, 0x000000008d700000|  0%| F|  |TAMS 0x000000008d600000, 0x000000008d600000| Untracked 
| 157|0x000000008d700000, 0x000000008d700000, 0x000000008d800000|  0%| F|  |TAMS 0x000000008d700000, 0x000000008d700000| Untracked 
| 158|0x000000008d800000, 0x000000008d800000, 0x000000008d900000|  0%| F|  |TAMS 0x000000008d800000, 0x000000008d800000| Untracked 
| 159|0x000000008d900000, 0x000000008d900000, 0x000000008da00000|  0%| F|  |TAMS 0x000000008d900000, 0x000000008d900000| Untracked 
| 160|0x000000008da00000, 0x000000008da00000, 0x000000008db00000|  0%| F|  |TAMS 0x000000008da00000, 0x000000008da00000| Untracked 
| 161|0x000000008db00000, 0x000000008db00000, 0x000000008dc00000|  0%| F|  |TAMS 0x000000008db00000, 0x000000008db00000| Untracked 
| 162|0x000000008dc00000, 0x000000008dc00000, 0x000000008dd00000|  0%| F|  |TAMS 0x000000008dc00000, 0x000000008dc00000| Untracked 
| 163|0x000000008dd00000, 0x000000008dd00000, 0x000000008de00000|  0%| F|  |TAMS 0x000000008dd00000, 0x000000008dd00000| Untracked 
| 164|0x000000008de00000, 0x000000008de00000, 0x000000008df00000|  0%| F|  |TAMS 0x000000008de00000, 0x000000008de00000| Untracked 
| 165|0x000000008df00000, 0x000000008df00000, 0x000000008e000000|  0%| F|  |TAMS 0x000000008df00000, 0x000000008df00000| Untracked 
| 166|0x000000008e000000, 0x000000008e000000, 0x000000008e100000|  0%| F|  |TAMS 0x000000008e000000, 0x000000008e000000| Untracked 
| 167|0x000000008e100000, 0x000000008e100000, 0x000000008e200000|  0%| F|  |TAMS 0x000000008e100000, 0x000000008e100000| Untracked 
| 168|0x000000008e200000, 0x000000008e200000, 0x000000008e300000|  0%| F|  |TAMS 0x000000008e200000, 0x000000008e200000| Untracked 
| 169|0x000000008e300000, 0x000000008e300000, 0x000000008e400000|  0%| F|  |TAMS 0x000000008e300000, 0x000000008e300000| Untracked 
| 170|0x000000008e400000, 0x000000008e400000, 0x000000008e500000|  0%| F|  |TAMS 0x000000008e400000, 0x000000008e400000| Untracked 
| 171|0x000000008e500000, 0x000000008e51ae50, 0x000000008e600000| 10%| S|CS|TAMS 0x000000008e500000, 0x000000008e500000| Complete 
| 172|0x000000008e600000, 0x000000008e600000, 0x000000008e700000|  0%| F|  |TAMS 0x000000008e600000, 0x000000008e600000| Untracked 
| 173|0x000000008e700000, 0x000000008e700000, 0x000000008e800000|  0%| F|  |TAMS 0x000000008e700000, 0x000000008e700000| Untracked 
| 174|0x000000008e800000, 0x000000008e800000, 0x000000008e900000|  0%| F|  |TAMS 0x000000008e800000, 0x000000008e800000| Untracked 
| 175|0x000000008e900000, 0x000000008e900000, 0x000000008ea00000|  0%| F|  |TAMS 0x000000008e900000, 0x000000008e900000| Untracked 
| 176|0x000000008ea00000, 0x000000008ea00000, 0x000000008eb00000|  0%| F|  |TAMS 0x000000008ea00000, 0x000000008ea00000| Untracked 
| 177|0x000000008eb00000, 0x000000008eb00000, 0x000000008ec00000|  0%| F|  |TAMS 0x000000008eb00000, 0x000000008eb00000| Untracked 
| 178|0x000000008ec00000, 0x000000008ec00000, 0x000000008ed00000|  0%| F|  |TAMS 0x000000008ec00000, 0x000000008ec00000| Untracked 
| 179|0x000000008ed00000, 0x000000008ed00000, 0x000000008ee00000|  0%| F|  |TAMS 0x000000008ed00000, 0x000000008ed00000| Untracked 

Card table byte_map: [0x000002617f350000,0x000002617f740000] _byte_map_base: 0x000002617ef33000

Marking Bits (Prev, Next): (CMBitMap*) 0x000002617eb95210, (CMBitMap*) 0x000002617eb951d0
 Prev Bits: [0x0000026119080000, 0x000002611af98000)
 Next Bits: [0x0000026117160000, 0x0000026119078000)

Polling page: 0x000002617e330000

Metaspace:

Usage:
  Non-class:     13.69 MB capacity,    13.55 MB ( 99%) used,   127.99 KB ( <1%) free+waste,    16.19 KB ( <1%) overhead. 
      Class:      1.57 MB capacity,     1.50 MB ( 95%) used,    66.71 KB (  4%) free+waste,     5.88 KB ( <1%) overhead. 
       Both:     15.26 MB capacity,    15.04 MB ( 99%) used,   194.70 KB (  1%) free+waste,    22.06 KB ( <1%) overhead. 

Virtual space:
  Non-class space:       14.00 MB reserved,      13.75 MB ( 98%) committed 
      Class space:        1.00 GB reserved,       1.62 MB ( <1%) committed 
             Both:        1.01 GB reserved,      15.38 MB (  1%) committed 

Chunk freelists:
   Non-Class:  63.00 KB
       Class:  27.00 KB
        Both:  90.00 KB

MaxMetaspaceSize: 17179869184.00 GB
CompressedClassSpaceSize: 1.00 GB

CodeHeap 'non-profiled nmethods': size=120000Kb used=3780Kb max_used=3780Kb free=116219Kb
 bounds [0x000002610fc30000, 0x000002610fff0000, 0x0000026117160000]
CodeHeap 'profiled nmethods': size=120000Kb used=8014Kb max_used=8014Kb free=111985Kb
 bounds [0x0000026108700000, 0x0000026108ee0000, 0x000002610fc30000]
CodeHeap 'non-nmethods': size=5760Kb used=1257Kb max_used=1310Kb free=4503Kb
 bounds [0x0000026108160000, 0x00000261083d0000, 0x0000026108700000]
 total_blobs=4663 nmethods=4150 adapters=425
 compilation: enabled
              stopped_count=0, restarted_count=0
 full_count=0

Compilation events (20 events):
Event: 7369.176 Thread 0x000002611d5a3b50 4946  s!   4       sun.net.www.protocol.http.HttpURLConnection::getInputStream (56 bytes)
Event: 7369.176 Thread 0x000002611d5aeb00 4947       3       java.util.regex.Pattern$Node::study (21 bytes)
Event: 7369.208 Thread 0x000002611d5aeb00 nmethod 4947 0x0000026108ed0e90 code [0x0000026108ed1040, 0x0000026108ed1268]
Event: 7369.352 Thread 0x000002611d5a3b50 nmethod 4946 0x000002610ffdfa10 code [0x000002610ffdfba0, 0x000002610ffdfe48]
Event: 7369.480 Thread 0x000002611d5aeb00 4948       3       java.lang.Thread::setPriority (56 bytes)
Event: 7369.483 Thread 0x000002611d5aeb00 nmethod 4948 0x0000026108ed1390 code [0x0000026108ed1580, 0x0000026108ed1b28]
Event: 7538.740 Thread 0x000002611d5aeb00 4951       3       sun.security.ssl.SSLHandshake$HandshakeMessage::write (76 bytes)
Event: 7538.848 Thread 0x000002611d5aeb00 nmethod 4951 0x0000026108ed1d10 code [0x0000026108ed2040, 0x0000026108ed2ff8]
Event: 7538.851 Thread 0x000002611d5a3b50 4954       4       sun.security.ssl.CipherSuite::values (10 bytes)
Event: 7538.853 Thread 0x000002611d5a3b50 nmethod 4954 0x000002610ffe0790 code [0x000002610ffe0920, 0x000002610ffe0a18]
Event: 7538.853 Thread 0x000002611d5aeb00 4955       3       sun.security.ssl.SSLTrafficKeyDerivation::valueOf (70 bytes)
Event: 7538.854 Thread 0x000002611d5aeb00 nmethod 4955 0x0000026108ed3610 code [0x0000026108ed37c0, 0x0000026108ed3a58]
Event: 7539.373 Thread 0x000002611d5aeb00 4956       3       org.jsoup.parser.TokenQueue::chompTo (14 bytes)
Event: 7539.374 Thread 0x000002611d5aeb00 nmethod 4956 0x0000026108ed3b90 code [0x0000026108ed3d60, 0x0000026108ed40d8]
Event: 7540.758 Thread 0x000002611d5aeb00 4957       3       org.jsoup.helper.HttpConnection$Response::cookie (7 bytes)
Event: 7541.428 Thread 0x000002611d5aeb00 nmethod 4957 0x0000026108ed4290 code [0x0000026108ed44a0, 0x0000026108ed4b08]
Event: 7691.790 Thread 0x000002611d5a3b50 4959       4       java.util.concurrent.locks.AbstractQueuedSynchronizer$Node::setStatusRelaxed (12 bytes)
Event: 7695.440 Thread 0x000002611d5a3b50 nmethod 4959 0x000002610ffe0b10 code [0x000002610ffe0c80, 0x000002610ffe0cd8]
Event: 7717.193 Thread 0x000002611d5a3b50 4961       4       java.lang.StringUTF16$CharsSpliterator::estimateSize (11 bytes)
Event: 7717.515 Thread 0x000002611d5a3b50 nmethod 4961 0x000002610ffe0e10 code [0x000002610ffe0f80, 0x000002610ffe0ff8]

GC Heap History (20 events):
Event: 7652.249 GC heap after
{Heap after GC invocations=1263 (full 0):
 garbage-first heap   total 184320K, used 35102K [0x0000000083a00000, 0x0000000100000000)
  region size 1024K, 2 young (2048K), 2 survivors (2048K)
 Metaspace       used 15405K, capacity 15622K, committed 15744K, reserved 1062912K
  class space    used 1532K, capacity 1605K, committed 1664K, reserved 1048576K
}
Event: 7665.808 GC heap before
{Heap before GC invocations=1263 (full 0):
 garbage-first heap   total 184320K, used 143646K [0x0000000083a00000, 0x0000000100000000)
  region size 1024K, 108 young (110592K), 2 survivors (2048K)
 Metaspace       used 15405K, capacity 15622K, committed 15744K, reserved 1062912K
  class space    used 1532K, capacity 1605K, committed 1664K, reserved 1048576K
}
Event: 7666.141 GC heap after
{Heap after GC invocations=1264 (full 0):
 garbage-first heap   total 184320K, used 35021K [0x0000000083a00000, 0x0000000100000000)
  region size 1024K, 2 young (2048K), 2 survivors (2048K)
 Metaspace       used 15405K, capacity 15622K, committed 15744K, reserved 1062912K
  class space    used 1532K, capacity 1605K, committed 1664K, reserved 1048576K
}
Event: 7677.225 GC heap before
{Heap before GC invocations=1264 (full 0):
 garbage-first heap   total 184320K, used 143565K [0x0000000083a00000, 0x0000000100000000)
  region size 1024K, 108 young (110592K), 2 survivors (2048K)
 Metaspace       used 15405K, capacity 15622K, committed 15744K, reserved 1062912K
  class space    used 1532K, capacity 1605K, committed 1664K, reserved 1048576K
}
Event: 7677.229 GC heap after
{Heap after GC invocations=1265 (full 0):
 garbage-first heap   total 184320K, used 35004K [0x0000000083a00000, 0x0000000100000000)
  region size 1024K, 2 young (2048K), 2 survivors (2048K)
 Metaspace       used 15405K, capacity 15622K, committed 15744K, reserved 1062912K
  class space    used 1532K, capacity 1605K, committed 1664K, reserved 1048576K
}
Event: 7690.372 GC heap before
{Heap before GC invocations=1265 (full 0):
 garbage-first heap   total 184320K, used 143548K [0x0000000083a00000, 0x0000000100000000)
  region size 1024K, 108 young (110592K), 2 survivors (2048K)
 Metaspace       used 15405K, capacity 15622K, committed 15744K, reserved 1062912K
  class space    used 1532K, capacity 1605K, committed 1664K, reserved 1048576K
}
Event: 7690.376 GC heap after
{Heap after GC invocations=1266 (full 0):
 garbage-first heap   total 184320K, used 35002K [0x0000000083a00000, 0x0000000100000000)
  region size 1024K, 2 young (2048K), 2 survivors (2048K)
 Metaspace       used 15405K, capacity 15622K, committed 15744K, reserved 1062912K
  class space    used 1532K, capacity 1605K, committed 1664K, reserved 1048576K
}
Event: 7701.369 GC heap before
{Heap before GC invocations=1266 (full 0):
 garbage-first heap   total 184320K, used 143546K [0x0000000083a00000, 0x0000000100000000)
  region size 1024K, 108 young (110592K), 2 survivors (2048K)
 Metaspace       used 15405K, capacity 15622K, committed 15744K, reserved 1062912K
  class space    used 1532K, capacity 1605K, committed 1664K, reserved 1048576K
}
Event: 7702.225 GC heap after
{Heap after GC invocations=1267 (full 0):
 garbage-first heap   total 184320K, used 34997K [0x0000000083a00000, 0x0000000100000000)
  region size 1024K, 2 young (2048K), 2 survivors (2048K)
 Metaspace       used 15405K, capacity 15622K, committed 15744K, reserved 1062912K
  class space    used 1532K, capacity 1605K, committed 1664K, reserved 1048576K
}
Event: 7711.364 GC heap before
{Heap before GC invocations=1267 (full 0):
 garbage-first heap   total 184320K, used 143541K [0x0000000083a00000, 0x0000000100000000)
  region size 1024K, 108 young (110592K), 2 survivors (2048K)
 Metaspace       used 15405K, capacity 15622K, committed 15744K, reserved 1062912K
  class space    used 1532K, capacity 1605K, committed 1664K, reserved 1048576K
}
Event: 7711.709 GC heap after
{Heap after GC invocations=1268 (full 0):
 garbage-first heap   total 184320K, used 35000K [0x0000000083a00000, 0x0000000100000000)
  region size 1024K, 2 young (2048K), 2 survivors (2048K)
 Metaspace       used 15405K, capacity 15622K, committed 15744K, reserved 1062912K
  class space    used 1532K, capacity 1605K, committed 1664K, reserved 1048576K
}
Event: 7728.643 GC heap before
{Heap before GC invocations=1268 (full 0):
 garbage-first heap   total 184320K, used 143544K [0x0000000083a00000, 0x0000000100000000)
  region size 1024K, 108 young (110592K), 2 survivors (2048K)
 Metaspace       used 15405K, capacity 15622K, committed 15744K, reserved 1062912K
  class space    used 1532K, capacity 1605K, committed 1664K, reserved 1048576K
}
Event: 7728.647 GC heap after
{Heap after GC invocations=1269 (full 0):
 garbage-first heap   total 184320K, used 35098K [0x0000000083a00000, 0x0000000100000000)
  region size 1024K, 2 young (2048K), 2 survivors (2048K)
 Metaspace       used 15405K, capacity 15622K, committed 15744K, reserved 1062912K
  class space    used 1532K, capacity 1605K, committed 1664K, reserved 1048576K
}
Event: 7739.169 GC heap before
{Heap before GC invocations=1269 (full 0):
 garbage-first heap   total 184320K, used 143642K [0x0000000083a00000, 0x0000000100000000)
  region size 1024K, 108 young (110592K), 2 survivors (2048K)
 Metaspace       used 15405K, capacity 15622K, committed 15744K, reserved 1062912K
  class space    used 1532K, capacity 1605K, committed 1664K, reserved 1048576K
}
Event: 7741.533 GC heap after
{Heap after GC invocations=1270 (full 0):
 garbage-first heap   total 184320K, used 35141K [0x0000000083a00000, 0x0000000100000000)
  region size 1024K, 1 young (1024K), 1 survivors (1024K)
 Metaspace       used 15405K, capacity 15622K, committed 15744K, reserved 1062912K
  class space    used 1532K, capacity 1605K, committed 1664K, reserved 1048576K
}
Event: 7744.092 GC heap before
{Heap before GC invocations=1270 (full 0):
 garbage-first heap   total 184320K, used 57669K [0x0000000083a00000, 0x0000000100000000)
  region size 1024K, 24 young (24576K), 1 survivors (1024K)
 Metaspace       used 15405K, capacity 15622K, committed 15744K, reserved 1062912K
  class space    used 1532K, capacity 1605K, committed 1664K, reserved 1048576K
}
Event: 7744.094 GC heap after
{Heap after GC invocations=1271 (full 0):
 garbage-first heap   total 184320K, used 34970K [0x0000000083a00000, 0x0000000100000000)
  region size 1024K, 1 young (1024K), 1 survivors (1024K)
 Metaspace       used 15405K, capacity 15622K, committed 15744K, reserved 1062912K
  class space    used 1532K, capacity 1605K, committed 1664K, reserved 1048576K
}
Event: 7754.398 GC heap before
{Heap before GC invocations=1271 (full 0):
 garbage-first heap   total 184320K, used 144538K [0x0000000083a00000, 0x0000000100000000)
  region size 1024K, 108 young (110592K), 1 survivors (1024K)
 Metaspace       used 15405K, capacity 15622K, committed 15744K, reserved 1062912K
  class space    used 1532K, capacity 1605K, committed 1664K, reserved 1048576K
}
Event: 7755.438 GC heap after
{Heap after GC invocations=1272 (full 0):
 garbage-first heap   total 184320K, used 34996K [0x0000000083a00000, 0x0000000100000000)
  region size 1024K, 1 young (1024K), 1 survivors (1024K)
 Metaspace       used 15405K, capacity 15622K, committed 15744K, reserved 1062912K
  class space    used 1532K, capacity 1605K, committed 1664K, reserved 1048576K
}
Event: 7755.736 GC heap before
{Heap before GC invocations=1272 (full 0):
 garbage-first heap   total 184320K, used 43188K [0x0000000083a00000, 0x0000000100000000)
  region size 1024K, 9 young (9216K), 1 survivors (1024K)
 Metaspace       used 15405K, capacity 15622K, committed 15744K, reserved 1062912K
  class space    used 1532K, capacity 1605K, committed 1664K, reserved 1048576K
}

Deoptimization events (20 events):
Event: 4162.168 Thread 0x000002617eb555b0 DEOPT PACKING pc=0x000002610fcf9d34 sp=0x00000079087fde00
Event: 4162.168 Thread 0x000002617eb555b0 DEOPT UNPACKING pc=0x000002610816852f sp=0x00000079087fddb0 mode 2
Event: 4162.174 Thread 0x000002617eb555b0 Uncommon trap: trap_request=0xffffff45 fr.pc=0x000002610ff8be64 relative=0x0000000000000784
Event: 4162.174 Thread 0x000002617eb555b0 Uncommon trap: reason=unstable_if action=reinterpret pc=0x000002610ff8be64 method=java.lang.ref.SoftReference.get()Ljava/lang/Object; @ 6 c2
Event: 4162.174 Thread 0x000002617eb555b0 DEOPT PACKING pc=0x000002610ff8be64 sp=0x00000079087fe1d0
Event: 4162.174 Thread 0x000002617eb555b0 DEOPT UNPACKING pc=0x000002610816852f sp=0x00000079087fe130 mode 2
Event: 4162.176 Thread 0x000002617eb555b0 Uncommon trap: trap_request=0xffffff45 fr.pc=0x000002610fe59308 relative=0x0000000000000168
Event: 4162.176 Thread 0x000002617eb555b0 Uncommon trap: reason=unstable_if action=reinterpret pc=0x000002610fe59308 method=java.util.ArrayList.fastRemove([Ljava/lang/Object;I)V @ 19 c2
Event: 4162.176 Thread 0x000002617eb555b0 DEOPT PACKING pc=0x000002610fe59308 sp=0x00000079087fe670
Event: 4162.176 Thread 0x000002617eb555b0 DEOPT UNPACKING pc=0x000002610816852f sp=0x00000079087fe5b0 mode 2
Event: 4162.176 Thread 0x000002617eb555b0 Uncommon trap: trap_request=0xffffff45 fr.pc=0x000002610fe59754 relative=0x00000000000000d4
Event: 4162.176 Thread 0x000002617eb555b0 Uncommon trap: reason=unstable_if action=reinterpret pc=0x000002610fe59754 method=java.util.ArrayList.fastRemove([Ljava/lang/Object;I)V @ 19 c2
Event: 4162.176 Thread 0x000002617eb555b0 DEOPT PACKING pc=0x000002610fe59754 sp=0x00000079087fe5f0
Event: 4162.176 Thread 0x000002617eb555b0 DEOPT UNPACKING pc=0x000002610816852f sp=0x00000079087fe5b0 mode 2
Event: 4864.010 Thread 0x000002617eb555b0 DEOPT PACKING pc=0x0000026108ad80f6 sp=0x00000079087fed40
Event: 4864.010 Thread 0x000002617eb555b0 DEOPT UNPACKING pc=0x00000261081af6cf sp=0x00000079087fe268 mode 0
Event: 6084.555 Thread 0x000002617eb555b0 DEOPT PACKING pc=0x0000026108b42e8f sp=0x00000079087fde70
Event: 6084.555 Thread 0x000002617eb555b0 DEOPT UNPACKING pc=0x00000261081af6cf sp=0x00000079087fd338 mode 0
Event: 6085.064 Thread 0x000002617eb555b0 DEOPT PACKING pc=0x0000026108a7a5dd sp=0x00000079087fe900
Event: 6085.064 Thread 0x000002617eb555b0 DEOPT UNPACKING pc=0x00000261081af6cf sp=0x00000079087fde08 mode 0

Classes unloaded (20 events):
Event: 4099.473 Thread 0x000002611d571ed0 Unloading class 0x0000000800bdc040 'jdk/internal/reflect/GeneratedConstructorAccessor1'
Event: 4099.473 Thread 0x000002611d571ed0 Unloading class 0x0000000800bdb840 'java/lang/invoke/LambdaForm$MH+0x0000000800bdb840'
Event: 4099.473 Thread 0x000002611d571ed0 Unloading class 0x0000000800bdb440 'java/lang/invoke/LambdaForm$MH+0x0000000800bdb440'
Event: 4099.473 Thread 0x000002611d571ed0 Unloading class 0x0000000800bdb040 'java/lang/invoke/LambdaForm$MH+0x0000000800bdb040'
Event: 4099.474 Thread 0x000002611d571ed0 Unloading class 0x0000000800bdac40 'java/lang/invoke/LambdaForm$MH+0x0000000800bdac40'
Event: 4099.474 Thread 0x000002611d571ed0 Unloading class 0x0000000800bda840 'java/lang/invoke/LambdaForm$MH+0x0000000800bda840'
Event: 4099.474 Thread 0x000002611d571ed0 Unloading class 0x0000000800bda440 'java/lang/invoke/LambdaForm$MH+0x0000000800bda440'
Event: 4099.474 Thread 0x000002611d571ed0 Unloading class 0x0000000800bd9840 'java/lang/invoke/LambdaForm$MH+0x0000000800bd9840'
Event: 4099.474 Thread 0x000002611d571ed0 Unloading class 0x0000000800bd9440 'java/lang/invoke/LambdaForm$MH+0x0000000800bd9440'
Event: 4099.474 Thread 0x000002611d571ed0 Unloading class 0x0000000800bd9040 'java/lang/invoke/LambdaForm$MH+0x0000000800bd9040'
Event: 4099.474 Thread 0x000002611d571ed0 Unloading class 0x0000000800bd8440 'java/lang/invoke/LambdaForm$MH+0x0000000800bd8440'
Event: 4099.474 Thread 0x000002611d571ed0 Unloading class 0x0000000800bd8040 'java/lang/invoke/LambdaForm$MH+0x0000000800bd8040'
Event: 4099.474 Thread 0x000002611d571ed0 Unloading class 0x0000000800bb2040 'java/lang/invoke/LambdaForm$MH+0x0000000800bb2040'
Event: 4099.474 Thread 0x000002611d571ed0 Unloading class 0x0000000800bb2c40 'java/lang/invoke/LambdaForm$MH+0x0000000800bb2c40'
Event: 4099.474 Thread 0x000002611d571ed0 Unloading class 0x0000000800bb3c40 'java/lang/invoke/LambdaForm$MH+0x0000000800bb3c40'
Event: 4099.474 Thread 0x000002611d571ed0 Unloading class 0x0000000800bb4440 'java/lang/invoke/LambdaForm$MH+0x0000000800bb4440'
Event: 4099.474 Thread 0x000002611d571ed0 Unloading class 0x0000000800bb4040 'java/lang/invoke/LambdaForm$MH+0x0000000800bb4040'
Event: 4099.474 Thread 0x000002611d571ed0 Unloading class 0x0000000800bb4c40 'java/lang/invoke/LambdaForm$MH+0x0000000800bb4c40'
Event: 4099.474 Thread 0x000002611d571ed0 Unloading class 0x0000000800bb5440 'java/lang/invoke/LambdaForm$MH+0x0000000800bb5440'
Event: 4099.474 Thread 0x000002611d571ed0 Unloading class 0x0000000800bb5c40 'java/lang/invoke/LambdaForm$MH+0x0000000800bb5c40'

Classes redefined (0 events):
No events

Internal exceptions (20 events):
Event: 0.107 Thread 0x000002617eb555b0 Exception <a 'java/lang/NoSuchMethodError'{0x000000008b5f86a8}: 'int java.lang.invoke.DirectMethodHandle$Holder.invokeSpecial(java.lang.Object, java.lang.Object, java.lang.Object)'> (0x000000008b5f86a8) 
thrown [./open/src/hotspot/share/interpreter/linkResolver.cpp, line 782]
Event: 0.420 Thread 0x000002617eb555b0 Exception <a 'java/lang/NoSuchMethodError'{0x000000008b230358}: 'int java.lang.invoke.DirectMethodHandle$Holder.invokeInterface(java.lang.Object, java.lang.Object)'> (0x000000008b230358) 
thrown [./open/src/hotspot/share/interpreter/linkResolver.cpp, line 782]
Event: 0.420 Thread 0x000002617eb555b0 Exception <a 'java/lang/IncompatibleClassChangeError'{0x000000008b233b50}: Found class java.lang.Object, but interface was expected> (0x000000008b233b50) 
thrown [./open/src/hotspot/share/interpreter/linkResolver.cpp, line 848]
Event: 0.421 Thread 0x000002617eb555b0 Exception <a 'java/lang/NoSuchMethodError'{0x000000008b239f60}: 'void java.lang.invoke.DirectMethodHandle$Holder.invokeStatic(java.lang.Object, java.lang.Object)'> (0x000000008b239f60) 
thrown [./open/src/hotspot/share/interpreter/linkResolver.cpp, line 782]
Event: 0.465 Thread 0x000002617eb555b0 Exception <a 'java/lang/NoSuchMethodError'{0x000000008b17f720}: 'void java.lang.invoke.DirectMethodHandle$Holder.invokeStatic(java.lang.Object, java.lang.Object, java.lang.Object)'> (0x000000008b17f720) 
thrown [./open/src/hotspot/share/interpreter/linkResolver.cpp, line 782]
Event: 0.650 Thread 0x000002617eb555b0 Exception <a 'java/lang/NoSuchMethodError'{0x000000008aee1cd8}: 'void java.lang.invoke.DirectMethodHandle$Holder.invokeStaticInit(java.lang.Object, java.lang.Object)'> (0x000000008aee1cd8) 
thrown [./open/src/hotspot/share/interpreter/linkResolver.cpp, line 782]
Event: 0.956 Thread 0x000002617eb555b0 Exception <a 'java/lang/NoSuchMethodError'{0x000000008adf4b50}: 'java.lang.Object java.lang.invoke.DirectMethodHandle$Holder.invokeStaticInit(java.lang.Object, int, int, int, int)'> (0x000000008adf4b50) 
thrown [./open/src/hotspot/share/interpreter/linkResolver.cpp, line 782]
Event: 0.968 Thread 0x000002617eb555b0 Exception <a 'sun/nio/fs/WindowsException'{0x000000008adfb148}> (0x000000008adfb148) 
thrown [./open/src/hotspot/share/prims/jni.cpp, line 578]
Event: 0.999 Thread 0x000002617eb555b0 Exception <a 'java/lang/NoSuchMethodError'{0x000000008ac249c8}: 'int java.lang.invoke.DirectMethodHandle$Holder.invokeStaticInit(java.lang.Object, java.lang.Object, java.lang.Object, java.lang.Object)'> (0x000000008ac249c8) 
thrown [./open/src/hotspot/share/interpreter/linkResolver.cpp, line 782]
Event: 1.000 Thread 0x000002617eb555b0 Exception <a 'java/lang/IncompatibleClassChangeError'{0x000000008ac2e500}: Found class java.lang.Object, but interface was expected> (0x000000008ac2e500) 
thrown [./open/src/hotspot/share/interpreter/linkResolver.cpp, line 848]
Event: 1.000 Thread 0x000002617eb555b0 Exception <a 'java/lang/NoSuchMethodError'{0x000000008ac340a0}: 'int java.lang.invoke.DirectMethodHandle$Holder.invokeStaticInit(java.lang.Object, java.lang.Object)'> (0x000000008ac340a0) 
thrown [./open/src/hotspot/share/interpreter/linkResolver.cpp, line 782]
Event: 1.429 Thread 0x000002617eb555b0 Exception <a 'java/lang/NoSuchMethodError'{0x000000008a568d10}: 'java.lang.Object java.lang.invoke.DirectMethodHandle$Holder.invokeStaticInit(java.lang.Object, java.lang.Object, int, int, int, int)'> (0x000000008a568d10) 
thrown [./open/src/hotspot/share/interpreter/linkResolver.cpp, line 782]
Event: 5.631 Thread 0x000002611d592f60 Implicit null exception at 0x000002610fd0e74f to 0x000002610fd0fad0
Event: 5.631 Thread 0x000002611d592f60 Implicit null exception at 0x000002610fd10d7c to 0x000002610fd11d58
Event: 7.622 Thread 0x000002611d5955e0 Implicit null exception at 0x000002610fcd9f6d to 0x000002610fcda058
Event: 26.183 Thread 0x000002617eb555b0 Implicit null exception at 0x000002610fe2a048 to 0x000002610fe2b17a
Event: 26.183 Thread 0x000002617eb555b0 Implicit null exception at 0x000002610fe2a048 to 0x000002610fe2b17a
Event: 26.183 Thread 0x000002617eb555b0 Implicit null exception at 0x000002610fe2a048 to 0x000002610fe2b17a
Event: 26.183 Thread 0x000002617eb555b0 Implicit null exception at 0x000002610fe2a048 to 0x000002610fe2b17a
Event: 4162.174 Thread 0x000002617eb555b0 Implicit null exception at 0x000002610ff8b747 to 0x000002610ff8be50

Events (20 events):
Event: 7652.249 Executing VM operation: G1CollectForAllocation done
Event: 7665.379 Executing VM operation: G1CollectForAllocation
Event: 7666.141 Executing VM operation: G1CollectForAllocation done
Event: 7677.225 Executing VM operation: G1CollectForAllocation
Event: 7677.229 Executing VM operation: G1CollectForAllocation done
Event: 7690.372 Executing VM operation: G1CollectForAllocation
Event: 7690.376 Executing VM operation: G1CollectForAllocation done
Event: 7701.369 Executing VM operation: G1CollectForAllocation
Event: 7702.225 Executing VM operation: G1CollectForAllocation done
Event: 7711.364 Executing VM operation: G1CollectForAllocation
Event: 7711.709 Executing VM operation: G1CollectForAllocation done
Event: 7728.642 Executing VM operation: G1CollectForAllocation
Event: 7728.647 Executing VM operation: G1CollectForAllocation done
Event: 7739.169 Executing VM operation: G1CollectForAllocation
Event: 7741.533 Executing VM operation: G1CollectForAllocation done
Event: 7744.092 Executing VM operation: G1CollectForAllocation
Event: 7744.094 Executing VM operation: G1CollectForAllocation done
Event: 7754.398 Executing VM operation: G1CollectForAllocation
Event: 7755.439 Executing VM operation: G1CollectForAllocation done
Event: 7755.735 Executing VM operation: G1CollectForAllocation


Dynamic libraries:
0x00007ff6ec740000 - 0x00007ff6ec74f000 	C:\Program Files\Java\jdk-15.0.2\bin\java.exe
0x00007ffcccf70000 - 0x00007ffccd165000 	C:\WINDOWS\SYSTEM32\ntdll.dll
0x00007ffccb870000 - 0x00007ffccb92d000 	C:\WINDOWS\System32\KERNEL32.DLL
0x00007ffcca940000 - 0x00007ffccac08000 	C:\WINDOWS\System32\KERNELBASE.dll
0x00007ffcca810000 - 0x00007ffcca910000 	C:\WINDOWS\System32\ucrtbase.dll
0x00007ffc8b3d0000 - 0x00007ffc8b3e9000 	C:\Program Files\Java\jdk-15.0.2\bin\VCRUNTIME140.dll
0x00007ffcb8910000 - 0x00007ffcb8928000 	C:\Program Files\Java\jdk-15.0.2\bin\jli.dll
0x00007ffccb990000 - 0x00007ffccba3c000 	C:\WINDOWS\System32\ADVAPI32.dll
0x00007ffccc620000 - 0x00007ffccc6be000 	C:\WINDOWS\System32\msvcrt.dll
0x00007ffccce90000 - 0x00007ffcccf2b000 	C:\WINDOWS\System32\sechost.dll
0x00007ffccc4f0000 - 0x00007ffccc61b000 	C:\WINDOWS\System32\RPCRT4.dll
0x00007ffccc290000 - 0x00007ffccc430000 	C:\WINDOWS\System32\USER32.dll
0x00007ffcca6b0000 - 0x00007ffcca6d2000 	C:\WINDOWS\System32\win32u.dll
0x00007ffcb5150000 - 0x00007ffcb53ea000 	C:\WINDOWS\WinSxS\amd64_microsoft.windows.common-controls_6595b64144ccf1df_6.0.19041.844_none_ca00b6081b84eb1d\COMCTL32.dll
0x00007ffccb960000 - 0x00007ffccb98a000 	C:\WINDOWS\System32\GDI32.dll
0x00007ffccae10000 - 0x00007ffccaf1b000 	C:\WINDOWS\System32\gdi32full.dll
0x00007ffccac10000 - 0x00007ffccacad000 	C:\WINDOWS\System32\msvcp_win.dll
0x00007ffcc3180000 - 0x00007ffcc318a000 	C:\WINDOWS\SYSTEM32\VERSION.dll
0x00007ffccb930000 - 0x00007ffccb960000 	C:\WINDOWS\System32\IMM32.DLL
0x00007ffc8f470000 - 0x00007ffc8f47c000 	C:\Program Files\Java\jdk-15.0.2\bin\vcruntime140_1.dll
0x00007ffc8b330000 - 0x00007ffc8b3c1000 	C:\Program Files\Java\jdk-15.0.2\bin\msvcp140.dll
0x00007ffc627d0000 - 0x00007ffc6332e000 	C:\Program Files\Java\jdk-15.0.2\bin\server\jvm.dll
0x00007ffccc6c0000 - 0x00007ffccc6c8000 	C:\WINDOWS\System32\PSAPI.DLL
0x00007ffc947f0000 - 0x00007ffc947f9000 	C:\WINDOWS\SYSTEM32\WSOCK32.dll
0x00007ffcbaae0000 - 0x00007ffcbab07000 	C:\WINDOWS\SYSTEM32\WINMM.dll
0x00007ffccc170000 - 0x00007ffccc1db000 	C:\WINDOWS\System32\WS2_32.dll
0x00007ffcc90d0000 - 0x00007ffcc90e2000 	C:\WINDOWS\SYSTEM32\kernel.appcore.dll
0x00007ffc8e1b0000 - 0x00007ffc8e1ba000 	C:\Program Files\Java\jdk-15.0.2\bin\jimage.dll
0x00007ffcc8360000 - 0x00007ffcc8544000 	C:\WINDOWS\SYSTEM32\DBGHELP.DLL
0x00007ffcb36b0000 - 0x00007ffcb36dc000 	C:\WINDOWS\SYSTEM32\dbgcore.DLL
0x00007ffcca790000 - 0x00007ffcca810000 	C:\WINDOWS\System32\bcryptPrimitives.dll
0x00007ffc8b300000 - 0x00007ffc8b325000 	C:\Program Files\Java\jdk-15.0.2\bin\java.dll
0x00007ffccb120000 - 0x00007ffccb862000 	C:\WINDOWS\System32\SHELL32.dll
0x00007ffcc86e0000 - 0x00007ffcc8e71000 	C:\WINDOWS\SYSTEM32\windows.storage.dll
0x00007ffccba40000 - 0x00007ffccbd95000 	C:\WINDOWS\System32\combase.dll
0x00007ffcca050000 - 0x00007ffcca07c000 	C:\WINDOWS\SYSTEM32\Wldp.dll
0x00007ffccc1e0000 - 0x00007ffccc28e000 	C:\WINDOWS\System32\SHCORE.dll
0x00007ffccafd0000 - 0x00007ffccb025000 	C:\WINDOWS\System32\shlwapi.dll
0x00007ffcca5f0000 - 0x00007ffcca60f000 	C:\WINDOWS\SYSTEM32\profapi.dll
0x00007ffc89590000 - 0x00007ffc895a9000 	C:\Program Files\Java\jdk-15.0.2\bin\net.dll
0x00007ffcbf3b0000 - 0x00007ffcbf4bb000 	C:\WINDOWS\SYSTEM32\WINHTTP.dll
0x00007ffcc9dc0000 - 0x00007ffcc9e2a000 	C:\WINDOWS\system32\mswsock.dll
0x00007ffc89570000 - 0x00007ffc89582000 	C:\Program Files\Java\jdk-15.0.2\bin\nio.dll
0x00007ffc89550000 - 0x00007ffc89568000 	C:\Program Files\Java\jdk-15.0.2\bin\zip.dll
0x00007ffc8cc60000 - 0x00007ffc8cc70000 	C:\Program Files\Java\jdk-15.0.2\bin\verify.dll
0x00007ffcc9ab0000 - 0x00007ffcc9aeb000 	C:\WINDOWS\SYSTEM32\IPHLPAPI.DLL
0x00007ffccbe20000 - 0x00007ffccbe28000 	C:\WINDOWS\System32\NSI.dll
0x00007ffcc27a0000 - 0x00007ffcc27b7000 	C:\WINDOWS\SYSTEM32\dhcpcsvc6.DLL
0x00007ffcc22f0000 - 0x00007ffcc230d000 	C:\WINDOWS\SYSTEM32\dhcpcsvc.DLL
0x00007ffcc9af0000 - 0x00007ffcc9bbc000 	C:\WINDOWS\SYSTEM32\DNSAPI.dll
0x00007ffc8b140000 - 0x00007ffc8b149000 	C:\Program Files\Java\jdk-15.0.2\bin\management.dll
0x00007ffc8a7e0000 - 0x00007ffc8a7eb000 	C:\Program Files\Java\jdk-15.0.2\bin\management_ext.dll
0x00007ffcb10f0000 - 0x00007ffcb1107000 	C:\WINDOWS\system32\napinsp.dll
0x00007ffcb0ff0000 - 0x00007ffcb100b000 	C:\WINDOWS\system32\pnrpnsp.dll
0x00007ffcc3630000 - 0x00007ffcc3645000 	C:\WINDOWS\system32\wshbth.dll
0x00007ffcc53e0000 - 0x00007ffcc53fd000 	C:\WINDOWS\system32\NLAapi.dll
0x00007ffcafa30000 - 0x00007ffcafa42000 	C:\WINDOWS\System32\winrnr.dll
0x0000000069f00000 - 0x0000000069f0a000 	C:\Program Files\National Instruments\Shared\mDNS Responder\nimdnsNSP.dll
0x0000000069ef0000 - 0x0000000069f00000 	C:\WINDOWS\SYSTEM32\nimdnsResponder.dll
0x00007ffcbd9e0000 - 0x00007ffcbd9ea000 	C:\Windows\System32\rasadhlp.dll
0x00007ffcbdbf0000 - 0x00007ffcbdc6f000 	C:\WINDOWS\System32\fwpuclnt.dll
0x00007ffcca910000 - 0x00007ffcca937000 	C:\WINDOWS\System32\bcrypt.dll
0x00007ffc8a380000 - 0x00007ffc8a38d000 	C:\Program Files\Java\jdk-15.0.2\bin\sunmscapi.dll
0x00007ffccacb0000 - 0x00007ffccae0f000 	C:\WINDOWS\System32\CRYPT32.dll
0x00007ffcca0c0000 - 0x00007ffcca0e7000 	C:\WINDOWS\SYSTEM32\ncrypt.dll
0x00007ffcca080000 - 0x00007ffcca0bb000 	C:\WINDOWS\SYSTEM32\NTASN1.dll
0x00007ffcc9fa0000 - 0x00007ffcc9fb8000 	C:\WINDOWS\SYSTEM32\CRYPTSP.dll
0x00007ffcc9760000 - 0x00007ffcc9794000 	C:\WINDOWS\system32\rsaenh.dll
0x00007ffcca5b0000 - 0x00007ffcca5de000 	C:\WINDOWS\SYSTEM32\USERENV.dll
0x00007ffcc9f90000 - 0x00007ffcc9f9c000 	C:\WINDOWS\SYSTEM32\CRYPTBASE.dll

dbghelp: loaded successfully - version: 4.0.5 - missing functions: none
symbol engine: initialized successfully - sym options: 0x614 - pdb path: .;C:\Program Files\Java\jdk-15.0.2\bin;C:\WINDOWS\SYSTEM32;C:\WINDOWS\WinSxS\amd64_microsoft.windows.common-controls_6595b64144ccf1df_6.0.19041.844_none_ca00b6081b84eb1d;C:\Program Files\Java\jdk-15.0.2\bin\server;C:\Program Files\National Instruments\Shared\mDNS Responder

VM Arguments:
jvm_args: -Dfile.encoding=windows-1252 -Duser.country=US -Duser.language=en -Duser.variant 
java_command: MongoDB
java_class_path (initial): C:\Users\Raghod\IdeaProjects\indexer\build\classes\java\main;C:\Users\Raghod\IdeaProjects\indexer\build\resources\main;C:\Users\Raghod\.gradle\caches\modules-2\files-2.1\org.mongodb\mongo-java-driver\2.12.3\12b7358a7740af71a4a52349d014d526a7a26a65\mongo-java-driver-2.12.3.jar;C:\Users\Raghod\.gradle\caches\modules-2\files-2.1\org.jsoup\jsoup\1.13.1\f9577f3732bb7caa4fee8aba5053158f4010c118\jsoup-1.13.1.jar;C:\Users\Raghod\.gradle\caches\modules-2\files-2.1\org.apache.lucene\lucene-core\3.5.0\90ff0731fafb05c01fee4f2247140d56e9c30a3b\lucene-core-3.5.0.jar
Launcher Type: SUN_STANDARD

[Global flags]
     intx CICompilerCount                          = 4                                         {product} {ergonomic}
     uint ConcGCThreads                            = 2                                         {product} {ergonomic}
     uint G1ConcRefinementThreads                  = 8                                         {product} {ergonomic}
   size_t G1HeapRegionSize                         = 1048576                                   {product} {ergonomic}
    uintx GCDrainStackTargetSize                   = 64                                        {product} {ergonomic}
   size_t InitialHeapSize                          = 132120576                                 {product} {ergonomic}
   size_t MarkStackSize                            = 4194304                                   {product} {ergonomic}
   size_t MaxHeapSize                              = 2086666240                                {product} {ergonomic}
   size_t MaxNewSize                               = 1251999744                                {product} {ergonomic}
   size_t MinHeapDeltaBytes                        = 1048576                                   {product} {ergonomic}
   size_t MinHeapSize                              = 8388608                                   {product} {ergonomic}
    uintx NonNMethodCodeHeapSize                   = 5839372                                {pd product} {ergonomic}
    uintx NonProfiledCodeHeapSize                  = 122909434                              {pd product} {ergonomic}
    uintx ProfiledCodeHeapSize                     = 122909434                              {pd product} {ergonomic}
    uintx ReservedCodeCacheSize                    = 251658240                              {pd product} {ergonomic}
     bool SegmentedCodeCache                       = true                                      {product} {ergonomic}
   size_t SoftMaxHeapSize                          = 2086666240                             {manageable} {ergonomic}
     bool UseCompressedClassPointers               = true                                 {lp64_product} {ergonomic}
     bool UseCompressedOops                        = true                                 {lp64_product} {ergonomic}
     bool UseG1GC                                  = true                                      {product} {ergonomic}
     bool UseLargePagesIndividualAllocation        = false                                  {pd product} {ergonomic}

Logging:
Log output configuration:
 #0: stdout all=warning uptime,level,tags
 #1: stderr all=off uptime,level,tags

Environment Variables:
JAVA_HOME=C:\Program Files\Java\jdk-15.0.2
CLASSPATH=C:\Program Files\Java\jdk-15.0.2\bin;C:\Program Files\Java\jre1.8.0_271\bin;C:\Users\Raghod\Downloads\apache-tomcat-8.5.66\lib
PATH=C:\Program Files\Common Files\Oracle\Java\javapath;C:\Program Files (x86)\Common Files\Oracle\Java\javapath;C:\WINDOWS\system32;C:\WINDOWS;C:\WINDOWS\System32\Wbem;C:\WINDOWS\System32\WindowsPowerShell\v1.0\;C:\WINDOWS\System32\OpenSSH\;C:\Users\Raghod\AppData\Roaming\Microsoft\Windows\Start Menu\Programs\nodejs\;C:\Program Files\Git\cmd;C:\xampp\php;C:\composer;F:\python\python385;C:\Program Files\Azure Data Studio\bin;C:\Program Files (x86)\Microsoft SQL Server\150\DTS\Binn\;C:\Program Files\Microsoft SQL Server\Client SDK\ODBC\170\Tools\Binn\;C:\Program Files (x86)\Microsoft SQL Server\150\Tools\Binn\;C:\Program Files\Microsoft SQL Server\150\Tools\Binn\;C:\Program Files\Microsoft SQL Server\150\DTS\Binn\;F:\Program setup\flutter_windows_1.22.3-stable\flutter\bin;C:\Program Files (x86)\Microsoft Visual Studio\2019\Preview;C:\Program Files\dotnet\;C:\Program Files\Microsoft SQL Server\130\Tools\Binn\;F:\python\python385\Scripts\pip;C:\ProgramData\ComposerSetup\bin;C:\Program Files\Java\jdk-15.0.2\bin;C:\Program Files\MATLAB\MATLAB Compiler Runtime\v81\runtime\win64;C:\opt\apache-maven-3.8.1\bin;C:\Program Files\MATLAB\R2018a\runtime\win64;C:\Program Files\MATLAB\R2018a\bin;C:\Windows\system32;C:\Windows;C:\Windows\System32\Wbem;C:\Windows\System32\WindowsPowerShell\v1.0\;C:\Windows\System32\OpenSSH\;C:\Users\Raghod\AppData\Local\Microsoft\WindowsApps;C:\Users\Raghod\AppData\Local\Programs\Microsoft VS Code\;F:\python\python385\Scripts;C:\Users\Raghod\AppData\Roaming\Composer\vendor\bin;C:\Users\Raghod\AppData\Local\Programs\Microsoft VS Code\bin;C:\Users\Raghod\AppData\Local\Microsoft\WindowsApps;C:\Program Files (x86)\Arduino;C:\Program Files\MongoDB\Server\4.4\bin
USERNAME=Raghod
OS=Windows_NT
PROCESSOR_IDENTIFIER=Intel64 Family 6 Model 126 Stepping 5, GenuineIntel



---------------  S Y S T E M  ---------------

OS:
 Windows 10 , 64 bit Build 19041 (10.0.19041.928)
OS uptime: 0 days 19:26 hours

CPU: total 8 (initial active 8) (4 cores per cpu, 2 threads per core) family 6 model 126 stepping 5 microcode 0xa0, cmov, cx8, fxsr, mmx, sse, sse2, sse3, ssse3, sse4.1, sse4.2, popcnt, vzeroupper, avx, avx2, aes, clmul, erms, 3dnowpref, lzcnt, ht, tsc, tscinvbit, bmi1, bmi2, adx, avx512f, avx512dq, avx512cd, avx512bw, avx512vl, avx512_vpopcntdq, avx512_vpclmulqdq, avx512_vbmi, avx512_vbmi2, avx512_vaes, avx512_vnni, sha, fma, clflush, clflushopt

Memory: 4k page, system-wide physical 7959M (756M free)
TotalPageFile size 19755M (AvailPageFile size 71M)
current process WorkingSet (physical memory assigned to process): 127M, peak: 253M
current process commit charge ("private bytes"): 302M, peak: 481M

vm_info: Java HotSpot(TM) 64-Bit Server VM (15.0.2+7-27) for windows-amd64 JRE (15.0.2+7-27), built on Dec  7 2020 20:07:01 by "mach5one" with unknown MS VC++:1925

END.
